0 info it worked if it ends with ok
1 verbose cli [ 'D:\\Program Files\\nodejs\\node.exe',
1 verbose cli   'D:\\Program Files\\nodejs\\node_modules\\npm\\bin\\npm-cli.js',
1 verbose cli   'install',
1 verbose cli   'nodejieba',
1 verbose cli   '--save' ]
2 info using npm@3.10.10
3 info using node@v6.14.3
4 silly loadCurrentTree Starting
5 silly install loadCurrentTree
6 silly install readLocalPackageData
7 silly fetchPackageMetaData nodejieba
8 silly fetchNamedPackageData nodejieba
9 silly mapToRegistry name nodejieba
10 silly mapToRegistry using default registry
11 silly mapToRegistry registry http://registry.npm.sites.leihuo.netease.com/
12 silly mapToRegistry data Result {
12 silly mapToRegistry   raw: 'nodejieba',
12 silly mapToRegistry   scope: null,
12 silly mapToRegistry   escapedName: 'nodejieba',
12 silly mapToRegistry   name: 'nodejieba',
12 silly mapToRegistry   rawSpec: '',
12 silly mapToRegistry   spec: 'latest',
12 silly mapToRegistry   type: 'tag' }
13 silly mapToRegistry uri http://registry.npm.sites.leihuo.netease.com/nodejieba
14 verbose request uri http://registry.npm.sites.leihuo.netease.com/nodejieba
15 verbose request no auth needed
16 info attempt registry request try #1 at 14:27:12
17 verbose request using bearer token for auth
18 verbose request id 1898d8650720b63e
19 http request GET http://registry.npm.sites.leihuo.netease.com/nodejieba
20 http 200 http://registry.npm.sites.leihuo.netease.com/nodejieba
21 verbose headers { server: 'nginx/1.10.1',
21 verbose headers   date: 'Tue, 02 Oct 2018 06:27:14 GMT',
21 verbose headers   'content-type': 'application/json; charset=utf-8',
21 verbose headers   'transfer-encoding': 'chunked',
21 verbose headers   connection: 'keep-alive',
21 verbose headers   'x-powered-by': 'verdaccio/3.5.1',
21 verbose headers   'access-control-allow-origin': '*',
21 verbose headers   etag: '"b5028fc9ccfc8c710de320a20286115f"',
21 verbose headers   vary: 'Accept-Encoding',
21 verbose headers   'content-encoding': 'gzip',
21 verbose headers   'x-status-cat': 'http://flic.kr/p/aVuVsF' }
22 silly get cb [ 200,
22 silly get   { server: 'nginx/1.10.1',
22 silly get     date: 'Tue, 02 Oct 2018 06:27:14 GMT',
22 silly get     'content-type': 'application/json; charset=utf-8',
22 silly get     'transfer-encoding': 'chunked',
22 silly get     connection: 'keep-alive',
22 silly get     'x-powered-by': 'verdaccio/3.5.1',
22 silly get     'access-control-allow-origin': '*',
22 silly get     etag: '"b5028fc9ccfc8c710de320a20286115f"',
22 silly get     vary: 'Accept-Encoding',
22 silly get     'content-encoding': 'gzip',
22 silly get     'x-status-cat': 'http://flic.kr/p/aVuVsF' } ]
23 verbose get saving nodejieba to C:\Users\huangsuiyu\AppData\Roaming\npm-cache\registry.npm.sites.leihuo.netease.com\nodejieba\.cache.json
24 verbose correctMkdir C:\Users\huangsuiyu\AppData\Roaming\npm-cache correctMkdir not in flight; initializing
25 silly install normalizeTree
26 silly loadCurrentTree Finishing
27 silly loadIdealTree Starting
28 silly install loadIdealTree
29 silly cloneCurrentTree Starting
30 silly install cloneCurrentTreeToIdealTree
31 silly cloneCurrentTree Finishing
32 silly loadShrinkwrap Starting
33 silly install loadShrinkwrap
34 silly loadShrinkwrap Finishing
35 silly loadAllDepsIntoIdealTree Starting
36 silly install loadAllDepsIntoIdealTree
37 silly resolveWithNewModule nodejieba@2.2.6 checking installable status
38 silly cache add args [ 'nodejieba', null ]
39 verbose cache add spec nodejieba
40 silly cache add parsed spec Result {
40 silly cache add   raw: 'nodejieba',
40 silly cache add   scope: null,
40 silly cache add   escapedName: 'nodejieba',
40 silly cache add   name: 'nodejieba',
40 silly cache add   rawSpec: '',
40 silly cache add   spec: 'latest',
40 silly cache add   type: 'tag' }
41 silly addNamed nodejieba@latest
42 verbose addNamed "latest" is being treated as a dist-tag for nodejieba
43 info addNameTag [ 'nodejieba', 'latest' ]
44 silly mapToRegistry name nodejieba
45 silly mapToRegistry using default registry
46 silly mapToRegistry registry http://registry.npm.sites.leihuo.netease.com/
47 silly mapToRegistry data Result {
47 silly mapToRegistry   raw: 'nodejieba',
47 silly mapToRegistry   scope: null,
47 silly mapToRegistry   escapedName: 'nodejieba',
47 silly mapToRegistry   name: 'nodejieba',
47 silly mapToRegistry   rawSpec: '',
47 silly mapToRegistry   spec: 'latest',
47 silly mapToRegistry   type: 'tag' }
48 silly mapToRegistry uri http://registry.npm.sites.leihuo.netease.com/nodejieba
49 verbose addNameTag registry:http://registry.npm.sites.leihuo.netease.com/nodejieba not in flight; fetching
50 verbose get http://registry.npm.sites.leihuo.netease.com/nodejieba not expired, no request
51 silly addNameTag next cb for nodejieba with tag latest
52 silly addNamed nodejieba@2.2.6
53 verbose addNamed "2.2.6" is a plain semver version for nodejieba
54 silly mapToRegistry name nodejieba
55 silly mapToRegistry using default registry
56 silly mapToRegistry registry http://registry.npm.sites.leihuo.netease.com/
57 silly mapToRegistry data Result {
57 silly mapToRegistry   raw: 'nodejieba',
57 silly mapToRegistry   scope: null,
57 silly mapToRegistry   escapedName: 'nodejieba',
57 silly mapToRegistry   name: 'nodejieba',
57 silly mapToRegistry   rawSpec: '',
57 silly mapToRegistry   spec: 'latest',
57 silly mapToRegistry   type: 'tag' }
58 silly mapToRegistry uri http://registry.npm.sites.leihuo.netease.com/nodejieba
59 verbose addRemoteTarball http://registry.npm.sites.leihuo.netease.com/nodejieba/-/nodejieba-2.2.6.tgz not in flight; adding
60 verbose addRemoteTarball [ 'http://registry.npm.sites.leihuo.netease.com/nodejieba/-/nodejieba-2.2.6.tgz',
60 verbose addRemoteTarball   '17cd416705b7b01c062e6cd9d7179b30453eb4a3' ]
61 info retry fetch attempt 1 at 14:27:14
62 info attempt registry request try #1 at 14:27:14
63 http fetch GET http://registry.npm.sites.leihuo.netease.com/nodejieba/-/nodejieba-2.2.6.tgz
64 verbose request using bearer token for auth
65 http fetch 200 http://registry.npm.sites.leihuo.netease.com/nodejieba/-/nodejieba-2.2.6.tgz
66 silly fetchAndShaCheck shasum 17cd416705b7b01c062e6cd9d7179b30453eb4a3
67 verbose addTmpTarball C:\Users\HUANGS~1\AppData\Local\Temp\npm-12012-22d4965f\registry.npm.sites.leihuo.netease.com\nodejieba\-\nodejieba-2.2.6.tgz not in flight; adding
68 verbose addTmpTarball already have metadata; skipping unpack for nodejieba@2.2.6
69 verbose correctMkdir C:\Users\huangsuiyu\AppData\Roaming\npm-cache correctMkdir not in flight; initializing
70 silly cache afterAdd nodejieba@2.2.6
71 verbose afterAdd C:\Users\huangsuiyu\AppData\Roaming\npm-cache\nodejieba\2.2.6\package\package.json not in flight; writing
72 verbose correctMkdir C:\Users\huangsuiyu\AppData\Roaming\npm-cache correctMkdir not in flight; initializing
73 verbose afterAdd C:\Users\huangsuiyu\AppData\Roaming\npm-cache\nodejieba\2.2.6\package\package.json written
74 silly fetchNamedPackageData nan
75 silly mapToRegistry name nan
76 silly mapToRegistry using default registry
77 silly mapToRegistry registry http://registry.npm.sites.leihuo.netease.com/
78 silly mapToRegistry data Result {
78 silly mapToRegistry   raw: 'nan',
78 silly mapToRegistry   scope: null,
78 silly mapToRegistry   escapedName: 'nan',
78 silly mapToRegistry   name: 'nan',
78 silly mapToRegistry   rawSpec: '',
78 silly mapToRegistry   spec: 'latest',
78 silly mapToRegistry   type: 'tag' }
79 silly mapToRegistry uri http://registry.npm.sites.leihuo.netease.com/nan
80 verbose request uri http://registry.npm.sites.leihuo.netease.com/nan
81 verbose request no auth needed
82 info attempt registry request try #1 at 14:27:29
83 verbose request using bearer token for auth
84 http request GET http://registry.npm.sites.leihuo.netease.com/nan
85 http 200 http://registry.npm.sites.leihuo.netease.com/nan
86 verbose headers { server: 'nginx/1.10.1',
86 verbose headers   date: 'Tue, 02 Oct 2018 06:27:30 GMT',
86 verbose headers   'content-type': 'application/json; charset=utf-8',
86 verbose headers   'transfer-encoding': 'chunked',
86 verbose headers   connection: 'keep-alive',
86 verbose headers   'x-powered-by': 'verdaccio/3.5.1',
86 verbose headers   'access-control-allow-origin': '*',
86 verbose headers   etag: '"9eebb6561a20902d2ec75d75eb60a432"',
86 verbose headers   vary: 'Accept-Encoding',
86 verbose headers   'content-encoding': 'gzip',
86 verbose headers   'x-status-cat': 'http://flic.kr/p/aVuVsF' }
87 silly get cb [ 200,
87 silly get   { server: 'nginx/1.10.1',
87 silly get     date: 'Tue, 02 Oct 2018 06:27:30 GMT',
87 silly get     'content-type': 'application/json; charset=utf-8',
87 silly get     'transfer-encoding': 'chunked',
87 silly get     connection: 'keep-alive',
87 silly get     'x-powered-by': 'verdaccio/3.5.1',
87 silly get     'access-control-allow-origin': '*',
87 silly get     etag: '"9eebb6561a20902d2ec75d75eb60a432"',
87 silly get     vary: 'Accept-Encoding',
87 silly get     'content-encoding': 'gzip',
87 silly get     'x-status-cat': 'http://flic.kr/p/aVuVsF' } ]
88 verbose get saving nan to C:\Users\huangsuiyu\AppData\Roaming\npm-cache\registry.npm.sites.leihuo.netease.com\nan\.cache.json
89 verbose correctMkdir C:\Users\huangsuiyu\AppData\Roaming\npm-cache correctMkdir not in flight; initializing
90 silly resolveWithNewModule nan@2.10.0 checking installable status
91 silly cache add args [ 'nan@~2.10.0', null ]
92 verbose cache add spec nan@~2.10.0
93 silly cache add parsed spec Result {
93 silly cache add   raw: 'nan@~2.10.0',
93 silly cache add   scope: null,
93 silly cache add   escapedName: 'nan',
93 silly cache add   name: 'nan',
93 silly cache add   rawSpec: '~2.10.0',
93 silly cache add   spec: '>=2.10.0 <2.11.0',
93 silly cache add   type: 'range' }
94 silly addNamed nan@>=2.10.0 <2.11.0
95 verbose addNamed ">=2.10.0 <2.11.0" is a valid semver range for nan
96 silly addNameRange { name: 'nan', range: '>=2.10.0 <2.11.0', hasData: false }
97 silly mapToRegistry name nan
98 silly mapToRegistry using default registry
99 silly mapToRegistry registry http://registry.npm.sites.leihuo.netease.com/
100 silly mapToRegistry data Result {
100 silly mapToRegistry   raw: 'nan',
100 silly mapToRegistry   scope: null,
100 silly mapToRegistry   escapedName: 'nan',
100 silly mapToRegistry   name: 'nan',
100 silly mapToRegistry   rawSpec: '',
100 silly mapToRegistry   spec: 'latest',
100 silly mapToRegistry   type: 'tag' }
101 silly mapToRegistry uri http://registry.npm.sites.leihuo.netease.com/nan
102 verbose addNameRange registry:http://registry.npm.sites.leihuo.netease.com/nan not in flight; fetching
103 verbose get http://registry.npm.sites.leihuo.netease.com/nan not expired, no request
104 silly addNameRange number 2 { name: 'nan', range: '>=2.10.0 <2.11.0', hasData: true }
105 silly addNameRange versions [ 'nan',
105 silly addNameRange   [ '0.3.0-wip',
105 silly addNameRange     '0.3.0-wip2',
105 silly addNameRange     '0.3.0',
105 silly addNameRange     '0.3.1',
105 silly addNameRange     '0.3.2',
105 silly addNameRange     '0.4.0',
105 silly addNameRange     '0.4.1',
105 silly addNameRange     '0.4.2',
105 silly addNameRange     '0.4.3',
105 silly addNameRange     '0.4.4',
105 silly addNameRange     '0.5.0',
105 silly addNameRange     '0.5.1',
105 silly addNameRange     '0.5.2',
105 silly addNameRange     '0.6.0',
105 silly addNameRange     '0.7.0',
105 silly addNameRange     '0.7.1',
105 silly addNameRange     '0.8.0',
105 silly addNameRange     '1.0.0',
105 silly addNameRange     '1.1.0',
105 silly addNameRange     '1.1.1',
105 silly addNameRange     '1.1.2',
105 silly addNameRange     '1.2.0',
105 silly addNameRange     '1.3.0',
105 silly addNameRange     '1.4.0',
105 silly addNameRange     '1.4.1',
105 silly addNameRange     '1.5.0',
105 silly addNameRange     '1.4.2',
105 silly addNameRange     '1.4.3',
105 silly addNameRange     '1.5.1',
105 silly addNameRange     '1.5.2',
105 silly addNameRange     '1.6.0',
105 silly addNameRange     '1.5.3',
105 silly addNameRange     '1.6.1',
105 silly addNameRange     '1.6.2',
105 silly addNameRange     '1.7.0',
105 silly addNameRange     '1.8.0',
105 silly addNameRange     '1.8.1',
105 silly addNameRange     '1.8.2',
105 silly addNameRange     '1.8.3',
105 silly addNameRange     '1.8.4',
105 silly addNameRange     '1.9.0',
105 silly addNameRange     '2.0.0',
105 silly addNameRange     '2.0.1',
105 silly addNameRange     '2.0.2',
105 silly addNameRange     '2.0.3',
105 silly addNameRange     '2.0.4',
105 silly addNameRange     '2.0.5',
105 silly addNameRange     '2.0.6',
105 silly addNameRange     '2.0.7',
105 silly addNameRange     '2.0.8',
105 silly addNameRange     '2.0.9',
105 silly addNameRange     '2.1.0',
105 silly addNameRange     '2.2.0',
105 silly addNameRange     '2.2.1',
105 silly addNameRange     '2.3.0',
105 silly addNameRange     '2.3.1',
105 silly addNameRange     '2.3.2',
105 silly addNameRange     '2.3.3',
105 silly addNameRange     '2.3.4',
105 silly addNameRange     '2.3.5',
105 silly addNameRange     '2.4.0',
105 silly addNameRange     '2.5.0',
105 silly addNameRange     '2.5.1',
105 silly addNameRange     '2.6.0',
105 silly addNameRange     '2.6.1',
105 silly addNameRange     '2.6.2',
105 silly addNameRange     '2.7.0',
105 silly addNameRange     '2.8.0',
105 silly addNameRange     '2.9.1',
105 silly addNameRange     '2.9.2',
105 silly addNameRange     '2.10.0',
105 silly addNameRange     '2.11.0',
105 silly addNameRange     '2.11.1' ] ]
106 silly addNamed nan@2.10.0
107 verbose addNamed "2.10.0" is a plain semver version for nan
108 silly cache afterAdd nan@2.10.0
109 verbose afterAdd C:\Users\huangsuiyu\AppData\Roaming\npm-cache\nan\2.10.0\package\package.json not in flight; writing
110 verbose correctMkdir C:\Users\huangsuiyu\AppData\Roaming\npm-cache correctMkdir not in flight; initializing
111 verbose afterAdd C:\Users\huangsuiyu\AppData\Roaming\npm-cache\nan\2.10.0\package\package.json written
112 silly loadAllDepsIntoIdealTree Finishing
113 silly loadIdealTree Finishing
114 silly currentTree v-spider@1.0.0
114 silly currentTree +-- @types/node@10.11.0
114 silly currentTree +-- asynckit@0.4.0
114 silly currentTree +-- boolbase@1.0.0
114 silly currentTree +-- cheerio@1.0.0-rc.2
114 silly currentTree +-- combined-stream@1.0.6
114 silly currentTree +-- component-emitter@1.2.1
114 silly currentTree +-- cookiejar@2.1.2
114 silly currentTree +-- core-util-is@1.0.2
114 silly currentTree +-- css-select@1.2.0
114 silly currentTree +-- css-what@2.1.0
114 silly currentTree +-- debug@4.0.1
114 silly currentTree +-- delayed-stream@1.0.0
114 silly currentTree +-- dom-serializer@0.1.0
114 silly currentTree | `-- domelementtype@1.1.3
114 silly currentTree +-- domelementtype@1.3.0
114 silly currentTree +-- domhandler@2.4.2
114 silly currentTree +-- domutils@1.5.1
114 silly currentTree +-- entities@1.1.1
114 silly currentTree +-- form-data@2.3.2
114 silly currentTree +-- formidable@1.2.1
114 silly currentTree +-- htmlparser2@3.9.2
114 silly currentTree +-- iconv-lite@0.4.24
114 silly currentTree +-- inherits@2.0.3
114 silly currentTree +-- isarray@1.0.0
114 silly currentTree +-- lodash@4.17.11
114 silly currentTree +-- methods@1.1.2
114 silly currentTree +-- mime-db@1.36.0
114 silly currentTree +-- mime-types@2.1.20
114 silly currentTree +-- mime@2.3.1
114 silly currentTree +-- ms@2.1.1
114 silly currentTree +-- nth-check@1.0.1
114 silly currentTree +-- parse5@3.0.3
114 silly currentTree +-- process-nextick-args@2.0.0
114 silly currentTree +-- qs@6.5.2
114 silly currentTree +-- readable-stream@2.3.6
114 silly currentTree +-- safe-buffer@5.1.2
114 silly currentTree +-- safer-buffer@2.1.2
114 silly currentTree +-- string_decoder@1.1.1
114 silly currentTree +-- superagent-charset@1.2.0
114 silly currentTree +-- superagent@4.0.0-beta.5
114 silly currentTree | `-- readable-stream@3.0.3
114 silly currentTree `-- util-deprecate@1.0.2
115 silly idealTree v-spider@1.0.0
115 silly idealTree +-- @types/node@10.11.0
115 silly idealTree +-- asynckit@0.4.0
115 silly idealTree +-- boolbase@1.0.0
115 silly idealTree +-- cheerio@1.0.0-rc.2
115 silly idealTree +-- combined-stream@1.0.6
115 silly idealTree +-- component-emitter@1.2.1
115 silly idealTree +-- cookiejar@2.1.2
115 silly idealTree +-- core-util-is@1.0.2
115 silly idealTree +-- css-select@1.2.0
115 silly idealTree +-- css-what@2.1.0
115 silly idealTree +-- debug@4.0.1
115 silly idealTree +-- delayed-stream@1.0.0
115 silly idealTree +-- dom-serializer@0.1.0
115 silly idealTree | `-- domelementtype@1.1.3
115 silly idealTree +-- domelementtype@1.3.0
115 silly idealTree +-- domhandler@2.4.2
115 silly idealTree +-- domutils@1.5.1
115 silly idealTree +-- entities@1.1.1
115 silly idealTree +-- form-data@2.3.2
115 silly idealTree +-- formidable@1.2.1
115 silly idealTree +-- htmlparser2@3.9.2
115 silly idealTree +-- iconv-lite@0.4.24
115 silly idealTree +-- inherits@2.0.3
115 silly idealTree +-- isarray@1.0.0
115 silly idealTree +-- lodash@4.17.11
115 silly idealTree +-- methods@1.1.2
115 silly idealTree +-- mime-db@1.36.0
115 silly idealTree +-- mime-types@2.1.20
115 silly idealTree +-- mime@2.3.1
115 silly idealTree +-- ms@2.1.1
115 silly idealTree +-- nan@2.10.0
115 silly idealTree +-- nodejieba@2.2.6
115 silly idealTree +-- nth-check@1.0.1
115 silly idealTree +-- parse5@3.0.3
115 silly idealTree +-- process-nextick-args@2.0.0
115 silly idealTree +-- qs@6.5.2
115 silly idealTree +-- readable-stream@2.3.6
115 silly idealTree +-- safe-buffer@5.1.2
115 silly idealTree +-- safer-buffer@2.1.2
115 silly idealTree +-- string_decoder@1.1.1
115 silly idealTree +-- superagent-charset@1.2.0
115 silly idealTree +-- superagent@4.0.0-beta.5
115 silly idealTree | `-- readable-stream@3.0.3
115 silly idealTree `-- util-deprecate@1.0.2
116 silly generateActionsToTake Starting
117 silly install generateActionsToTake
118 silly generateActionsToTake Finishing
119 silly diffTrees action count 2
120 silly diffTrees add nan@2.10.0
121 silly diffTrees add nodejieba@2.2.6
122 silly decomposeActions action count 16
123 silly decomposeActions fetch nan@2.10.0
124 silly decomposeActions extract nan@2.10.0
125 silly decomposeActions test nan@2.10.0
126 silly decomposeActions preinstall nan@2.10.0
127 silly decomposeActions build nan@2.10.0
128 silly decomposeActions install nan@2.10.0
129 silly decomposeActions postinstall nan@2.10.0
130 silly decomposeActions finalize nan@2.10.0
131 silly decomposeActions fetch nodejieba@2.2.6
132 silly decomposeActions extract nodejieba@2.2.6
133 silly decomposeActions test nodejieba@2.2.6
134 silly decomposeActions preinstall nodejieba@2.2.6
135 silly decomposeActions build nodejieba@2.2.6
136 silly decomposeActions install nodejieba@2.2.6
137 silly decomposeActions postinstall nodejieba@2.2.6
138 silly decomposeActions finalize nodejieba@2.2.6
139 silly runTopLevelLifecycles Starting
140 silly executeActions Starting
141 silly install executeActions
142 silly doSerial global-install 0
143 silly doParallel fetch 2
144 verbose correctMkdir C:\Users\huangsuiyu\AppData\Roaming\npm-cache\_locks correctMkdir not in flight; initializing
145 verbose lock using C:\Users\huangsuiyu\AppData\Roaming\npm-cache\_locks\staging-715944ef1160faa8.lock for D:\Program Files\nodejs\v-spider\node_modules\.staging
146 silly doParallel extract 2
147 silly extract nan@2.10.0
148 silly extract nodejieba@2.2.6
149 verbose unbuild node_modules\.staging\nan-5de99f3b
150 silly gentlyRm D:\Program Files\nodejs\v-spider\node_modules\.staging\nan-5de99f3b is being purged from base D:\Program Files\nodejs\v-spider
151 verbose gentlyRm don't care about contents; nuking D:\Program Files\nodejs\v-spider\node_modules\.staging\nan-5de99f3b
152 verbose unbuild node_modules\.staging\nodejieba-ac2e1568
153 verbose tar unpack C:\Users\huangsuiyu\AppData\Roaming\npm-cache\nan\2.10.0\package.tgz
154 verbose tar unpacking to D:\Program Files\nodejs\v-spider\node_modules\.staging\nan-5de99f3b
155 silly gentlyRm D:\Program Files\nodejs\v-spider\node_modules\.staging\nan-5de99f3b is being purged
156 verbose gentlyRm don't care about contents; nuking D:\Program Files\nodejs\v-spider\node_modules\.staging\nan-5de99f3b
157 silly gunzTarPerm modes [ '777', '666' ]
158 silly gentlyRm D:\Program Files\nodejs\v-spider\node_modules\.staging\nodejieba-ac2e1568 is being purged from base D:\Program Files\nodejs\v-spider
159 verbose gentlyRm don't care about contents; nuking D:\Program Files\nodejs\v-spider\node_modules\.staging\nodejieba-ac2e1568
160 verbose tar unpack C:\Users\huangsuiyu\AppData\Roaming\npm-cache\nodejieba\2.2.6\package.tgz
161 verbose tar unpacking to D:\Program Files\nodejs\v-spider\node_modules\.staging\nodejieba-ac2e1568
162 silly gentlyRm D:\Program Files\nodejs\v-spider\node_modules\.staging\nodejieba-ac2e1568 is being purged
163 verbose gentlyRm don't care about contents; nuking D:\Program Files\nodejs\v-spider\node_modules\.staging\nodejieba-ac2e1568
164 silly gunzTarPerm modes [ '777', '666' ]
165 silly gunzTarPerm extractEntry package.json
166 silly gunzTarPerm modified mode [ 'package.json', 436, 438 ]
167 silly gunzTarPerm extractEntry package.json
168 silly gunzTarPerm modified mode [ 'package.json', 420, 438 ]
169 silly gunzTarPerm extractEntry CHANGELOG.md
170 silly gunzTarPerm modified mode [ 'CHANGELOG.md', 436, 438 ]
171 silly gunzTarPerm extractEntry include_dirs.js
172 silly gunzTarPerm modified mode [ 'include_dirs.js', 436, 438 ]
173 silly gunzTarPerm extractEntry .npmignore
174 silly gunzTarPerm modified mode [ '.npmignore', 420, 438 ]
175 silly gunzTarPerm extractEntry README.md
176 silly gunzTarPerm modified mode [ 'README.md', 420, 438 ]
177 silly gunzTarPerm extractEntry index.js
178 silly gunzTarPerm modified mode [ 'index.js', 420, 438 ]
179 silly gunzTarPerm extractEntry deps/cppjieba/PosTagger.hpp
180 silly gunzTarPerm modified mode [ 'deps/cppjieba/PosTagger.hpp', 420, 438 ]
181 silly gunzTarPerm extractEntry LICENSE.md
182 silly gunzTarPerm modified mode [ 'LICENSE.md', 436, 438 ]
183 silly gunzTarPerm extractEntry nan_callbacks_12_inl.h
184 silly gunzTarPerm modified mode [ 'nan_callbacks_12_inl.h', 436, 438 ]
185 silly gunzTarPerm extractEntry nan_callbacks_pre_12_inl.h
186 silly gunzTarPerm modified mode [ 'nan_callbacks_pre_12_inl.h', 436, 438 ]
187 silly gunzTarPerm extractEntry nan_callbacks.h
188 silly gunzTarPerm modified mode [ 'nan_callbacks.h', 436, 438 ]
189 silly gunzTarPerm extractEntry deps/cppjieba/DictTrie.hpp
190 silly gunzTarPerm modified mode [ 'deps/cppjieba/DictTrie.hpp', 420, 438 ]
191 silly gunzTarPerm extractEntry nan_converters_43_inl.h
192 silly gunzTarPerm modified mode [ 'nan_converters_43_inl.h', 436, 438 ]
193 silly gunzTarPerm extractEntry nan_converters_pre_43_inl.h
194 silly gunzTarPerm modified mode [ 'nan_converters_pre_43_inl.h', 436, 438 ]
195 silly gunzTarPerm extractEntry deps/cppjieba/HMMModel.hpp
196 silly gunzTarPerm modified mode [ 'deps/cppjieba/HMMModel.hpp', 420, 438 ]
197 silly gunzTarPerm extractEntry nan_converters.h
198 silly gunzTarPerm modified mode [ 'nan_converters.h', 436, 438 ]
199 silly gunzTarPerm extractEntry nan_define_own_property_helper.h
200 silly gunzTarPerm modified mode [ 'nan_define_own_property_helper.h', 436, 438 ]
201 silly gunzTarPerm extractEntry deps/cppjieba/HMMSegment.hpp
202 silly gunzTarPerm modified mode [ 'deps/cppjieba/HMMSegment.hpp', 420, 438 ]
203 silly gunzTarPerm extractEntry deps/cppjieba/Jieba.hpp
204 silly gunzTarPerm modified mode [ 'deps/cppjieba/Jieba.hpp', 420, 438 ]
205 silly gunzTarPerm extractEntry nan_implementation_12_inl.h
206 silly gunzTarPerm modified mode [ 'nan_implementation_12_inl.h', 436, 438 ]
207 silly gunzTarPerm extractEntry nan_implementation_pre_12_inl.h
208 silly gunzTarPerm modified mode [ 'nan_implementation_pre_12_inl.h', 436, 438 ]
209 silly gunzTarPerm extractEntry nan_json.h
210 silly gunzTarPerm modified mode [ 'nan_json.h', 436, 438 ]
211 silly gunzTarPerm extractEntry deps/cppjieba/KeywordExtractor.hpp
212 silly gunzTarPerm modified mode [ 'deps/cppjieba/KeywordExtractor.hpp', 420, 438 ]
213 silly gunzTarPerm extractEntry deps/cppjieba/MPSegment.hpp
214 silly gunzTarPerm modified mode [ 'deps/cppjieba/MPSegment.hpp', 420, 438 ]
215 silly gunzTarPerm extractEntry nan_maybe_43_inl.h
216 silly gunzTarPerm modified mode [ 'nan_maybe_43_inl.h', 436, 438 ]
217 silly gunzTarPerm extractEntry nan_maybe_pre_43_inl.h
218 silly gunzTarPerm modified mode [ 'nan_maybe_pre_43_inl.h', 436, 438 ]
219 silly gunzTarPerm extractEntry nan_new.h
220 silly gunzTarPerm modified mode [ 'nan_new.h', 436, 438 ]
221 silly gunzTarPerm extractEntry nan_object_wrap.h
222 silly gunzTarPerm modified mode [ 'nan_object_wrap.h', 436, 438 ]
223 silly gunzTarPerm extractEntry deps/cppjieba/MixSegment.hpp
224 silly gunzTarPerm modified mode [ 'deps/cppjieba/MixSegment.hpp', 420, 438 ]
225 silly gunzTarPerm extractEntry deps/cppjieba/FullSegment.hpp
226 silly gunzTarPerm modified mode [ 'deps/cppjieba/FullSegment.hpp', 420, 438 ]
227 silly gunzTarPerm extractEntry nan_persistent_12_inl.h
228 silly gunzTarPerm modified mode [ 'nan_persistent_12_inl.h', 436, 438 ]
229 silly gunzTarPerm extractEntry nan_persistent_pre_12_inl.h
230 silly gunzTarPerm modified mode [ 'nan_persistent_pre_12_inl.h', 436, 438 ]
231 silly gunzTarPerm extractEntry deps/cppjieba/PreFilter.hpp
232 silly gunzTarPerm modified mode [ 'deps/cppjieba/PreFilter.hpp', 420, 438 ]
233 silly gunzTarPerm extractEntry deps/cppjieba/QuerySegment.hpp
234 silly gunzTarPerm modified mode [ 'deps/cppjieba/QuerySegment.hpp', 420, 438 ]
235 silly gunzTarPerm extractEntry deps/cppjieba/SegmentBase.hpp
236 silly gunzTarPerm modified mode [ 'deps/cppjieba/SegmentBase.hpp', 420, 438 ]
237 silly gunzTarPerm extractEntry deps/cppjieba/SegmentTagged.hpp
238 silly gunzTarPerm modified mode [ 'deps/cppjieba/SegmentTagged.hpp', 420, 438 ]
239 silly gunzTarPerm extractEntry nan_private.h
240 silly gunzTarPerm modified mode [ 'nan_private.h', 436, 438 ]
241 silly gunzTarPerm extractEntry nan_string_bytes.h
242 silly gunzTarPerm modified mode [ 'nan_string_bytes.h', 436, 438 ]
243 silly gunzTarPerm extractEntry deps/cppjieba/TextRankExtractor.hpp
244 silly gunzTarPerm modified mode [ 'deps/cppjieba/TextRankExtractor.hpp', 420, 438 ]
245 silly gunzTarPerm extractEntry deps/cppjieba/Trie.hpp
246 silly gunzTarPerm modified mode [ 'deps/cppjieba/Trie.hpp', 420, 438 ]
247 silly gunzTarPerm extractEntry nan_typedarray_contents.h
248 silly gunzTarPerm modified mode [ 'nan_typedarray_contents.h', 436, 438 ]
249 silly gunzTarPerm extractEntry nan_weak.h
250 silly gunzTarPerm modified mode [ 'nan_weak.h', 436, 438 ]
251 silly gunzTarPerm extractEntry nan.h
252 silly gunzTarPerm modified mode [ 'nan.h', 436, 438 ]
253 silly gunzTarPerm extractEntry deps/cppjieba/Unicode.hpp
254 silly gunzTarPerm modified mode [ 'deps/cppjieba/Unicode.hpp', 420, 438 ]
255 silly gunzTarPerm extractEntry deps/limonp/ForcePublic.hpp
256 silly gunzTarPerm modified mode [ 'deps/limonp/ForcePublic.hpp', 420, 438 ]
257 silly gunzTarPerm extractEntry README.md
258 silly gunzTarPerm modified mode [ 'README.md', 436, 438 ]
259 silly gunzTarPerm extractEntry deps/limonp/ArgvContext.hpp
260 silly gunzTarPerm modified mode [ 'deps/limonp/ArgvContext.hpp', 420, 438 ]
261 silly gunzTarPerm extractEntry deps/limonp/BoundedBlockingQueue.hpp
262 silly gunzTarPerm modified mode [ 'deps/limonp/BoundedBlockingQueue.hpp', 420, 438 ]
263 silly gunzTarPerm extractEntry doc/asyncworker.md
264 silly gunzTarPerm modified mode [ 'doc/asyncworker.md', 436, 438 ]
265 silly gunzTarPerm extractEntry doc/buffers.md
266 silly gunzTarPerm modified mode [ 'doc/buffers.md', 436, 438 ]
267 silly gunzTarPerm extractEntry doc/callback.md
268 silly gunzTarPerm modified mode [ 'doc/callback.md', 436, 438 ]
269 silly gunzTarPerm extractEntry doc/converters.md
270 silly gunzTarPerm modified mode [ 'doc/converters.md', 436, 438 ]
271 silly gunzTarPerm extractEntry deps/limonp/BoundedQueue.hpp
272 silly gunzTarPerm modified mode [ 'deps/limonp/BoundedQueue.hpp', 420, 438 ]
273 silly gunzTarPerm extractEntry deps/limonp/Closure.hpp
274 silly gunzTarPerm modified mode [ 'deps/limonp/Closure.hpp', 420, 438 ]
275 silly gunzTarPerm extractEntry doc/errors.md
276 silly gunzTarPerm modified mode [ 'doc/errors.md', 436, 438 ]
277 silly gunzTarPerm extractEntry doc/json.md
278 silly gunzTarPerm modified mode [ 'doc/json.md', 436, 438 ]
279 silly gunzTarPerm extractEntry deps/limonp/Colors.hpp
280 silly gunzTarPerm modified mode [ 'deps/limonp/Colors.hpp', 420, 438 ]
281 silly gunzTarPerm extractEntry deps/limonp/Condition.hpp
282 silly gunzTarPerm modified mode [ 'deps/limonp/Condition.hpp', 420, 438 ]
283 silly gunzTarPerm extractEntry doc/maybe_types.md
284 silly gunzTarPerm modified mode [ 'doc/maybe_types.md', 436, 438 ]
285 silly gunzTarPerm extractEntry doc/methods.md
286 silly gunzTarPerm modified mode [ 'doc/methods.md', 436, 438 ]
287 silly gunzTarPerm extractEntry deps/limonp/Config.hpp
288 silly gunzTarPerm modified mode [ 'deps/limonp/Config.hpp', 420, 438 ]
289 silly gunzTarPerm extractEntry deps/limonp/FileLock.hpp
290 silly gunzTarPerm modified mode [ 'deps/limonp/FileLock.hpp', 420, 438 ]
291 silly gunzTarPerm extractEntry deps/limonp/BlockingQueue.hpp
292 silly gunzTarPerm modified mode [ 'deps/limonp/BlockingQueue.hpp', 420, 438 ]
293 silly gunzTarPerm extractEntry deps/limonp/LocalVector.hpp
294 silly gunzTarPerm modified mode [ 'deps/limonp/LocalVector.hpp', 420, 438 ]
295 silly gunzTarPerm extractEntry doc/new.md
296 silly gunzTarPerm modified mode [ 'doc/new.md', 436, 438 ]
297 silly gunzTarPerm extractEntry doc/node_misc.md
298 silly gunzTarPerm modified mode [ 'doc/node_misc.md', 436, 438 ]
299 silly gunzTarPerm extractEntry deps/limonp/Logging.hpp
300 silly gunzTarPerm modified mode [ 'deps/limonp/Logging.hpp', 420, 438 ]
301 silly gunzTarPerm extractEntry deps/limonp/Md5.hpp
302 silly gunzTarPerm modified mode [ 'deps/limonp/Md5.hpp', 420, 438 ]
303 silly gunzTarPerm extractEntry doc/object_wrappers.md
304 silly gunzTarPerm modified mode [ 'doc/object_wrappers.md', 436, 438 ]
305 silly gunzTarPerm extractEntry doc/persistent.md
306 silly gunzTarPerm modified mode [ 'doc/persistent.md', 436, 438 ]
307 silly gunzTarPerm extractEntry deps/limonp/MutexLock.hpp
308 silly gunzTarPerm modified mode [ 'deps/limonp/MutexLock.hpp', 420, 438 ]
309 silly gunzTarPerm extractEntry deps/limonp/NonCopyable.hpp
310 silly gunzTarPerm modified mode [ 'deps/limonp/NonCopyable.hpp', 420, 438 ]
311 silly gunzTarPerm extractEntry deps/limonp/StdExtension.hpp
312 silly gunzTarPerm modified mode [ 'deps/limonp/StdExtension.hpp', 420, 438 ]
313 silly gunzTarPerm extractEntry deps/limonp/StringUtil.hpp
314 silly gunzTarPerm modified mode [ 'deps/limonp/StringUtil.hpp', 420, 438 ]
315 silly gunzTarPerm extractEntry doc/scopes.md
316 silly gunzTarPerm modified mode [ 'doc/scopes.md', 436, 438 ]
317 silly gunzTarPerm extractEntry doc/script.md
318 silly gunzTarPerm modified mode [ 'doc/script.md', 436, 438 ]
319 silly gunzTarPerm extractEntry doc/string_bytes.md
320 silly gunzTarPerm modified mode [ 'doc/string_bytes.md', 436, 438 ]
321 silly gunzTarPerm extractEntry doc/v8_internals.md
322 silly gunzTarPerm modified mode [ 'doc/v8_internals.md', 436, 438 ]
323 silly gunzTarPerm extractEntry deps/limonp/Thread.hpp
324 silly gunzTarPerm modified mode [ 'deps/limonp/Thread.hpp', 420, 438 ]
325 silly gunzTarPerm extractEntry deps/limonp/ThreadPool.hpp
326 silly gunzTarPerm modified mode [ 'deps/limonp/ThreadPool.hpp', 420, 438 ]
327 silly gunzTarPerm extractEntry README_EN.md
328 silly gunzTarPerm modified mode [ 'README_EN.md', 420, 438 ]
329 silly gunzTarPerm extractEntry binding.gyp
330 silly gunzTarPerm modified mode [ 'binding.gyp', 420, 438 ]
331 silly gunzTarPerm extractEntry doc/v8_misc.md
332 silly gunzTarPerm modified mode [ 'doc/v8_misc.md', 436, 438 ]
333 silly gunzTarPerm extractEntry tools/1to2.js
334 silly gunzTarPerm modified mode [ 'tools/1to2.js', 509, 511 ]
335 silly gunzTarPerm extractEntry tools/package.json
336 silly gunzTarPerm modified mode [ 'tools/package.json', 436, 438 ]
337 silly gunzTarPerm extractEntry tools/README.md
338 silly gunzTarPerm modified mode [ 'tools/README.md', 436, 438 ]
339 silly gunzTarPerm extractEntry .travis.yml
340 silly gunzTarPerm modified mode [ '.travis.yml', 420, 438 ]
341 silly gunzTarPerm extractEntry dict/hmm_model.utf8
342 silly gunzTarPerm modified mode [ 'dict/hmm_model.utf8', 420, 438 ]
343 silly gunzTarPerm extractEntry dict/idf.utf8
344 silly gunzTarPerm modified mode [ 'dict/idf.utf8', 420, 438 ]
345 silly gunzTarPerm extractEntry dict/jieba.dict.utf8
346 silly gunzTarPerm modified mode [ 'dict/jieba.dict.utf8', 420, 438 ]
347 silly gunzTarPerm extractEntry dict/stop_words.utf8
348 silly gunzTarPerm modified mode [ 'dict/stop_words.utf8', 420, 438 ]
349 silly gunzTarPerm extractEntry dict/user.dict.utf8
350 silly gunzTarPerm modified mode [ 'dict/user.dict.utf8', 420, 438 ]
351 silly gunzTarPerm extractEntry ChangeLog.md
352 silly gunzTarPerm modified mode [ 'ChangeLog.md', 420, 438 ]
353 silly gunzTarPerm extractEntry lib/index.cpp
354 silly gunzTarPerm modified mode [ 'lib/index.cpp', 420, 438 ]
355 silly gunzTarPerm extractEntry lib/nodejieba.cpp
356 silly gunzTarPerm modified mode [ 'lib/nodejieba.cpp', 420, 438 ]
357 silly gunzTarPerm extractEntry lib/nodejieba.h
358 silly gunzTarPerm modified mode [ 'lib/nodejieba.h', 420, 438 ]
359 silly gunzTarPerm extractEntry lib/utils.h
360 silly gunzTarPerm modified mode [ 'lib/utils.h', 420, 438 ]
361 silly gunzTarPerm extractEntry test/demo.js
362 silly gunzTarPerm modified mode [ 'test/demo.js', 420, 438 ]
363 silly gunzTarPerm extractEntry test/load_dict_demo.js
364 silly gunzTarPerm modified mode [ 'test/load_dict_demo.js', 420, 438 ]
365 silly gunzTarPerm extractEntry test/load_dict_test.js
366 silly gunzTarPerm modified mode [ 'test/load_dict_test.js', 420, 438 ]
367 silly gunzTarPerm extractEntry test/test.js
368 silly gunzTarPerm modified mode [ 'test/test.js', 420, 438 ]
369 silly gunzTarPerm extractEntry test/testdata/userdict.utf8
370 silly gunzTarPerm modified mode [ 'test/testdata/userdict.utf8', 420, 438 ]
371 silly gentlyRm D:\Program Files\nodejs\v-spider\node_modules\.staging\nan-5de99f3b\node_modules is being purged
372 verbose gentlyRm don't care about contents; nuking D:\Program Files\nodejs\v-spider\node_modules\.staging\nan-5de99f3b\node_modules
373 silly gentlyRm D:\Program Files\nodejs\v-spider\node_modules\.staging\nodejieba-ac2e1568\node_modules is being purged
374 verbose gentlyRm don't care about contents; nuking D:\Program Files\nodejs\v-spider\node_modules\.staging\nodejieba-ac2e1568\node_modules
375 silly doParallel preinstall 2
376 silly preinstall nan@2.10.0 D:\Program Files\nodejs\v-spider\node_modules\.staging\nan-5de99f3b
377 info lifecycle nan@2.10.0~preinstall: nan@2.10.0
378 silly preinstall nodejieba@2.2.6 D:\Program Files\nodejs\v-spider\node_modules\.staging\nodejieba-ac2e1568
379 info lifecycle nodejieba@2.2.6~preinstall: nodejieba@2.2.6
380 silly lifecycle nan@2.10.0~preinstall: no script for preinstall, continuing
381 silly lifecycle nodejieba@2.2.6~preinstall: no script for preinstall, continuing
382 silly doReverseSerial remove 0
383 silly doSerial move 0
384 silly doSerial finalize 2
385 silly finalize D:\Program Files\nodejs\v-spider\node_modules\nan
386 silly finalize D:\Program Files\nodejs\v-spider\node_modules\nodejieba
387 silly doSerial build 2
388 silly build nan@2.10.0
389 info linkStuff nan@2.10.0
390 silly linkStuff nan@2.10.0 has D:\Program Files\nodejs\v-spider\node_modules as its parent node_modules
391 verbose linkBins nan@2.10.0
392 verbose linkMans nan@2.10.0
393 silly build nodejieba@2.2.6
394 info linkStuff nodejieba@2.2.6
395 silly linkStuff nodejieba@2.2.6 has D:\Program Files\nodejs\v-spider\node_modules as its parent node_modules
396 verbose linkBins nodejieba@2.2.6
397 verbose linkMans nodejieba@2.2.6
398 silly doSerial global-link 0
399 silly doParallel update-linked 0
400 silly doSerial install 2
401 silly install nan@2.10.0 D:\Program Files\nodejs\v-spider\node_modules\.staging\nan-5de99f3b
402 info lifecycle nan@2.10.0~install: nan@2.10.0
403 silly lifecycle nan@2.10.0~install: no script for install, continuing
404 silly install nodejieba@2.2.6 D:\Program Files\nodejs\v-spider\node_modules\.staging\nodejieba-ac2e1568
405 info lifecycle nodejieba@2.2.6~install: nodejieba@2.2.6
406 verbose lifecycle nodejieba@2.2.6~install: unsafe-perm in lifecycle true
407 verbose lifecycle nodejieba@2.2.6~install: PATH: D:\Program Files\nodejs\node_modules\npm\bin\node-gyp-bin;D:\Program Files\nodejs\v-spider\node_modules\nodejieba\node_modules\.bin;D:\Program Files\nodejs\v-spider\node_modules\.bin;D:\Program Files\Git\mingw64\bin;D:\Program Files\Git\usr\bin;C:\Users\huangsuiyu\bin;C:\Windows\system32;C:\Windows;C:\Windows\System32\Wbem;C:\Windows\System32\WindowsPowerShell\v1.0;D:\Program Files\Git\cmd;C:\Program Files\TortoiseGit\bin;C:\Program Files\Perforce;C:\Program Files\Perforce\DVCS;D:\Program Files\nodejs;D:\Program Files\Microsoft VS Code\bin;D:\Program Files\Microsoft VS Code\bin;C:\Users\huangsuiyu\AppData\Roaming\npm;D:\Programs\Fiddler
408 verbose lifecycle nodejieba@2.2.6~install: CWD: D:\Program Files\nodejs\v-spider\node_modules\nodejieba
409 silly lifecycle nodejieba@2.2.6~install: Args: [ '/d /s /c', 'node-gyp rebuild' ]
410 silly lifecycle nodejieba@2.2.6~install: Returned: code: 1  signal: null
411 info lifecycle nodejieba@2.2.6~install: Failed to exec install script
412 verbose unlock done using C:\Users\huangsuiyu\AppData\Roaming\npm-cache\_locks\staging-715944ef1160faa8.lock for D:\Program Files\nodejs\v-spider\node_modules\.staging
413 silly rollbackFailedOptional Starting
414 silly rollbackFailedOptional Finishing
415 silly runTopLevelLifecycles Finishing
416 silly install printInstalled
417 warn v-spider@1.0.0 No repository field.
418 verbose If you need help, you may report this error at:
418 verbose     <https://github.com/npm/npm/issues>
419 verbose stack Error: nodejieba@2.2.6 install: `node-gyp rebuild`
419 verbose stack Exit status 1
419 verbose stack     at EventEmitter.<anonymous> (D:\Program Files\nodejs\node_modules\npm\lib\utils\lifecycle.js:255:16)
419 verbose stack     at emitTwo (events.js:106:13)
419 verbose stack     at EventEmitter.emit (events.js:191:7)
419 verbose stack     at ChildProcess.<anonymous> (D:\Program Files\nodejs\node_modules\npm\lib\utils\spawn.js:40:14)
419 verbose stack     at emitTwo (events.js:106:13)
419 verbose stack     at ChildProcess.emit (events.js:191:7)
419 verbose stack     at maybeClose (internal/child_process.js:920:16)
419 verbose stack     at Process.ChildProcess._handle.onexit (internal/child_process.js:230:5)
420 verbose pkgid nodejieba@2.2.6
421 verbose cwd D:\Program Files\nodejs\v-spider
422 error Windows_NT 6.1.7601
423 error argv "D:\\Program Files\\nodejs\\node.exe" "D:\\Program Files\\nodejs\\node_modules\\npm\\bin\\npm-cli.js" "install" "nodejieba" "--save"
424 error node v6.14.3
425 error npm  v3.10.10
426 error code ELIFECYCLE
427 error nodejieba@2.2.6 install: `node-gyp rebuild`
427 error Exit status 1
428 error Failed at the nodejieba@2.2.6 install script 'node-gyp rebuild'.
428 error Make sure you have the latest version of node.js and npm installed.
428 error If you do, this is most likely a problem with the nodejieba package,
428 error not with npm itself.
428 error Tell the author that this fails on your system:
428 error     node-gyp rebuild
428 error You can get information on how to open an issue for this project with:
428 error     npm bugs nodejieba
428 error Or if that isn't available, you can get their info via:
428 error     npm owner ls nodejieba
428 error There is likely additional logging output above.
429 verbose exit [ 1, true ]
